<?xml version="1.0" encoding="UTF-8"?>
<!-- Generated by org.testng.reporters.JUnitXMLReporter -->
<testsuite ignored="0" hostname="DESKTOP-QO3JRCN" failures="1" tests="1" name="Test2" time="25.536" errors="0" timestamp="21 Dec 2020 10:09:36 GMT">
  <testcase classname="TestNG.TestSearching" name="webTest" time="25.36">
    <failure type="org.openqa.selenium.WebDriverException" message="Timed out waiting for driver server to start.
Build info: version: &amp;apos;3.141.59&amp;apos;, revision: &amp;apos;e82be7d358&amp;apos;, time: &amp;apos;2018-11-14T08:17:03&amp;apos;
System info: host: &amp;apos;DESKTOP-QO3JRCN&amp;apos;, ip: &amp;apos;10.5.19.195&amp;apos;, os.name: &amp;apos;Windows 10&amp;apos;, os.arch: &amp;apos;amd64&amp;apos;, os.version: &amp;apos;10.0&amp;apos;, java.version: &amp;apos;11.0.2&amp;apos;
Driver info: driver.version: SelenideDriver
selenide.url: http://gokisoft.com/
selenide.baseUrl: http://localhost:8080">
      <![CDATA[org.openqa.selenium.WebDriverException: Timed out waiting for driver server to start.
Build info: version: '3.141.59', revision: 'e82be7d358', time: '2018-11-14T08:17:03'
System info: host: 'DESKTOP-QO3JRCN', ip: '10.5.19.195', os.name: 'Windows 10', os.arch: 'amd64', os.version: '10.0', java.version: '11.0.2'
Driver info: driver.version: SelenideDriver
selenide.url: http://gokisoft.com/
selenide.baseUrl: http://localhost:8080
at org.openqa.selenium.remote.service.DriverService.waitUntilAvailable(DriverService.java:202)
at org.openqa.selenium.remote.service.DriverService.start(DriverService.java:188)
at org.openqa.selenium.remote.service.DriverCommandExecutor.execute(DriverCommandExecutor.java:79)
at org.openqa.selenium.remote.RemoteWebDriver.execute(RemoteWebDriver.java:552)
at org.openqa.selenium.remote.RemoteWebDriver.startSession(RemoteWebDriver.java:213)
at org.openqa.selenium.remote.RemoteWebDriver.<init>(RemoteWebDriver.java:131)
at org.openqa.selenium.chrome.ChromeDriver.<init>(ChromeDriver.java:181)
at com.codeborne.selenide.webdriver.ChromeDriverFactory.create(ChromeDriverFactory.java:55)
at com.codeborne.selenide.webdriver.WebDriverFactory.createWebDriverInstance(WebDriverFactory.java:110)
at com.codeborne.selenide.webdriver.WebDriverFactory.createWebDriver(WebDriverFactory.java:71)
at com.codeborne.selenide.drivercommands.CreateDriverCommand.createDriver(CreateDriverCommand.java:68)
at com.codeborne.selenide.impl.WebDriverThreadLocalContainer.createDriver(WebDriverThreadLocalContainer.java:153)
at com.codeborne.selenide.impl.WebDriverThreadLocalContainer.getAndCheckWebDriver(WebDriverThreadLocalContainer.java:139)
at com.codeborne.selenide.WebDriverRunner.getAndCheckWebDriver(WebDriverRunner.java:97)
at com.codeborne.selenide.impl.StaticDriver.getAndCheckWebDriver(StaticDriver.java:62)
at com.codeborne.selenide.SelenideDriver.getAndCheckWebDriver(SelenideDriver.java:188)
at com.codeborne.selenide.drivercommands.Navigator.navigateTo(Navigator.java:70)
at com.codeborne.selenide.drivercommands.Navigator.open(Navigator.java:32)
at com.codeborne.selenide.SelenideDriver.open(SelenideDriver.java:84)
at com.codeborne.selenide.Selenide.open(Selenide.java:49)
at TestNG.TestSearching.webTest(TestSearching.java:11)
at java.base/java.util.concurrent.ThreadPoolExecutor.runWorker(ThreadPoolExecutor.java:1128)
at java.base/java.util.concurrent.ThreadPoolExecutor$Worker.run(ThreadPoolExecutor.java:628)
at java.base/java.lang.Thread.run(Thread.java:834)
Caused by: org.openqa.selenium.net.UrlChecker$TimeoutException: Timed out waiting for [http://localhost:40066/status] to be available after 20031 ms
at org.openqa.selenium.net.UrlChecker.waitUntilAvailable(UrlChecker.java:100)
at org.openqa.selenium.remote.service.DriverService.waitUntilAvailable(DriverService.java:197)
... 33 more
Caused by: java.util.concurrent.TimeoutException
at java.base/java.util.concurrent.FutureTask.get(FutureTask.java:204)
at com.google.common.util.concurrent.SimpleTimeLimiter.callWithTimeout(SimpleTimeLimiter.java:155)
at org.openqa.selenium.net.UrlChecker.waitUntilAvailable(UrlChecker.java:75)
... 34 more
... Removed 10 stack frames]]>
    </failure>
  </testcase> <!-- webTest -->
</testsuite> <!-- Test2 -->
