<?xml version="1.0" encoding="UTF-8"?>
<!-- Generated by org.testng.reporters.JUnitXMLReporter -->
<testsuite ignored="0" hostname="DESKTOP-QO3JRCN" failures="0" tests="2" name="Test1" time="0.296" errors="0" timestamp="21 Dec 2020 10:03:21 GMT">
  <testcase classname="Test.TestNGDemo" name="@BeforeTest setUpTest" time="0.149">
    <failure type="java.lang.IllegalStateException" message="The path to the driver executable must be set by the webdriver.ie.driver system property; for more information, see https://github.com/SeleniumHQ/selenium/wiki/InternetExplorerDriver. The latest version can be downloaded from http://selenium-release.storage.googleapis.com/index.html">
      <![CDATA[java.lang.IllegalStateException: The path to the driver executable must be set by the webdriver.ie.driver system property; for more information, see https://github.com/SeleniumHQ/selenium/wiki/InternetExplorerDriver. The latest version can be downloaded from http://selenium-release.storage.googleapis.com/index.html
at com.google.common.base.Preconditions.checkState(Preconditions.java:843)
at org.openqa.selenium.remote.service.DriverService.findExecutable(DriverService.java:134)
at org.openqa.selenium.ie.InternetExplorerDriverService.access$000(InternetExplorerDriverService.java:35)
at org.openqa.selenium.ie.InternetExplorerDriverService$Builder.findDefaultExecutable(InternetExplorerDriverService.java:175)
at org.openqa.selenium.remote.service.DriverService$Builder.build(DriverService.java:355)
at org.openqa.selenium.ie.InternetExplorerDriver.setupService(InternetExplorerDriver.java:281)
at org.openqa.selenium.ie.InternetExplorerDriver.<init>(InternetExplorerDriver.java:211)
at org.openqa.selenium.ie.InternetExplorerDriver.<init>(InternetExplorerDriver.java:150)
at Test.TestNGDemo.setUpTest(TestNGDemo.java:23)
... Removed 24 stack frames]]>
    </failure>
  </testcase> <!-- @BeforeTest setUpTest -->
  <testcase classname="Test.TestNGDemo2" name="@BeforeTest setUpTest" time="0.0">
    <skipped/>
  </testcase> <!-- @BeforeTest setUpTest -->
  <testcase classname="Test.TestNGDemo" name="@AfterTest tearDownTest" time="0.0">
    <skipped/>
  </testcase> <!-- @AfterTest tearDownTest -->
  <testcase classname="Test.TestNGDemo2" name="@AfterTest tearDownTest" time="0.0">
    <skipped/>
  </testcase> <!-- @AfterTest tearDownTest -->
  <testcase classname="Test.TestNGDemo2" name="googleSearch2" time="0.0">
    <skipped/>
  </testcase> <!-- googleSearch2 -->
  <testcase classname="Test.TestNGDemo" name="googleSearch" time="0.0">
    <skipped/>
  </testcase> <!-- googleSearch -->
</testsuite> <!-- Test1 -->
